[2021-10-26 07:55:54,815] {taskinstance.py:670} INFO - Dependencies all met for <TaskInstance: example_python_operator.print_the_context 2021-10-26T10:51:42.653883+00:00 [queued]>
[2021-10-26 07:55:54,823] {taskinstance.py:670} INFO - Dependencies all met for <TaskInstance: example_python_operator.print_the_context 2021-10-26T10:51:42.653883+00:00 [queued]>
[2021-10-26 07:55:54,823] {taskinstance.py:880} INFO - 
--------------------------------------------------------------------------------
[2021-10-26 07:55:54,823] {taskinstance.py:881} INFO - Starting attempt 2 of 2
[2021-10-26 07:55:54,823] {taskinstance.py:882} INFO - 
--------------------------------------------------------------------------------
[2021-10-26 07:55:54,831] {taskinstance.py:901} INFO - Executing <Task(PythonOperator): print_the_context> on 2021-10-26T10:51:42.653883+00:00
[2021-10-26 07:55:54,832] {standard_task_runner.py:54} INFO - Started process 93581 to run task
[2021-10-26 07:55:54,867] {standard_task_runner.py:77} INFO - Running: ['airflow', 'run', 'example_python_operator', 'print_the_context', '2021-10-26T10:51:42.653883+00:00', '--job_id', '8', '--pool', 'default_pool', '--raw', '-sd', '/home/luan/MeusProgramas/datapipeline/.venv/lib/python3.8/site-packages/airflow/example_dags/example_python_operator.py', '--cfg_path', '/tmp/tmpbsgsbnhl']
[2021-10-26 07:55:54,868] {standard_task_runner.py:78} INFO - Job 8: Subtask print_the_context
[2021-10-26 07:55:54,882] {logging_mixin.py:112} INFO - Running <TaskInstance: example_python_operator.print_the_context 2021-10-26T10:51:42.653883+00:00 [running]> on host luan-Aspire-A515-54G
[2021-10-26 07:55:54,898] {logging_mixin.py:112} INFO - {'END_DATE': '2021-10-26',
 'conf': <airflow.configuration.AirflowConfigParser object at 0x7f194b7c2880>,
 'dag': <DAG: example_python_operator>,
 'dag_run': <DagRun example_python_operator @ 2021-10-26 10:51:42.653883+00:00: manual__2021-10-26T10:51:42.653883+00:00, externally triggered: True>,
 'ds_nodash': '20211026',
 'end_date': '2021-10-26',
 'execution_date': <Pendulum [2021-10-26T10:51:42.653883+00:00]>,
 'inlets': [],
 'latest_date': '2021-10-26',
 'macros': <module 'airflow.macros' from '/home/luan/MeusProgramas/datapipeline/.venv/lib/python3.8/site-packages/airflow/macros/__init__.py'>,
 'next_ds': '2021-10-26',
 'next_ds_nodash': '20211026',
 'next_execution_date': <Pendulum [2021-10-26T10:51:42.653883+00:00]>,
 'outlets': [],
 'params': {},
 'prev_ds': '2021-10-26',
 'prev_ds_nodash': '20211026',
 'prev_execution_date': <Pendulum [2021-10-26T10:51:42.653883+00:00]>,
 'prev_execution_date_success': <Proxy at 0x7f1946259fc0 with factory <function TaskInstance.get_template_context.<locals>.<lambda> at 0x7f194625c4c0>>,
 'prev_start_date_success': <Proxy at 0x7f1946259f40 with factory <function TaskInstance.get_template_context.<locals>.<lambda> at 0x7f1946267310>>,
 'run_id': 'manual__2021-10-26T10:51:42.653883+00:00',
 'tables': None,
 'task': <Task(PythonOperator): print_the_context>,
 'task_instance': <TaskInstance: example_python_operator.print_the_context 2021-10-26T10:51:42.653883+00:00 [running]>,
 'task_instance_key_str': 'example_python_operator__print_the_context__20211026',
 'templates_dict': None,
 'test_mode': False,
 'ti': <TaskInstance: example_python_operator.print_the_context 2021-10-26T10:51:42.653883+00:00 [running]>,
 'tomorrow_ds': '2021-10-27',
 'tomorrow_ds_nodash': '20211027',
 'ts': '2021-10-26T10:51:42.653883+00:00',
 'ts_nodash': '20211026T105142',
 'ts_nodash_with_tz': '20211026T105142.653883+0000',
 'var': {'json': None, 'value': None},
 'yesterday_ds': '2021-10-25',
 'yesterday_ds_nodash': '20211025'}
[2021-10-26 07:55:54,898] {logging_mixin.py:112} INFO - 2021-10-26
[2021-10-26 07:55:54,898] {python_operator.py:114} INFO - Done. Returned value was: Whatever you return gets printed in the logs
[2021-10-26 07:55:54,906] {taskinstance.py:1057} INFO - Marking task as SUCCESS.dag_id=example_python_operator, task_id=print_the_context, execution_date=20211026T105142, start_date=20211026T105554, end_date=20211026T105554
[2021-10-26 07:55:59,810] {local_task_job.py:102} INFO - Task exited with return code 0
